
> newapi-web@1.0.0 dev
> rsbuild dev --port 3001

Rsbuild v2.0.7

  ➜  Network:  http://58.199.161.40:3001/
  ➜  Local:    http://localhost:3001/
  ➜  Network:  http://172.21.208.1:3001/
  ➜  Network:  http://172.17.192.1:3001/

start   build started...
ready   built in 1.77 s
start   building removed E:/sh/Coding/cpa_bussiness/new-api/web/default/src/routes/pricing/$modelId/index.tsx and 785 more
ready   built in 1.22 s
start   building features\dashboard\index.tsx
ready   built in 0.62 s
start   building layout\components\authenticated-layout.tsx
ready   built in 0.67 s
start   building features\people-plan\people-plan-entry-dialog.tsx
ready   built in 0.55 s
start   building features\people-plan\index.tsx
ready   built in 0.58 s
start   building src\hooks\use-sidebar-data.ts
ready   built in 0.54 s
start   building src\hooks
ready   built in 0.53 s
